  Admin.cpp
  Customer.cpp
C:\Users\Haitham Mahmoud\Documents\GitHub\Online-Marketplace-Management-System\Online Marketplace Management System\Customer.cpp(42,21): warning C4018: '<': signed/unsigned mismatch
C:\Users\Haitham Mahmoud\Documents\GitHub\Online-Marketplace-Management-System\Online Marketplace Management System\Customer.cpp(180,23): warning C4018: '<': signed/unsigned mismatch
C:\Users\Haitham Mahmoud\Documents\GitHub\Online-Marketplace-Management-System\Online Marketplace Management System\Customer.cpp(182,21): warning C4018: '<': signed/unsigned mismatch
C:\Users\Haitham Mahmoud\Documents\GitHub\Online-Marketplace-Management-System\Online Marketplace Management System\Customer.cpp(284,21): warning C4018: '<': signed/unsigned mismatch
C:\Users\Haitham Mahmoud\Documents\GitHub\Online-Marketplace-Management-System\Online Marketplace Management System\Customer.cpp(272,9): warning C4101: 'index': unreferenced local variable
C:\Users\Haitham Mahmoud\Documents\GitHub\Online-Marketplace-Management-System\Online Marketplace Management System\Customer.cpp(361,21): warning C4018: '<': signed/unsigned mismatch
C:\Users\Haitham Mahmoud\Documents\GitHub\Online-Marketplace-Management-System\Online Marketplace Management System\Customer.cpp(383,23): warning C4018: '<': signed/unsigned mismatch
C:\Users\Haitham Mahmoud\Documents\GitHub\Online-Marketplace-Management-System\Online Marketplace Management System\Customer.cpp(434,23): warning C4018: '<': signed/unsigned mismatch
C:\Users\Haitham Mahmoud\Documents\GitHub\Online-Marketplace-Management-System\Online Marketplace Management System\Customer.cpp(464,21): warning C4018: '<': signed/unsigned mismatch
C:\Users\Haitham Mahmoud\Documents\GitHub\Online-Marketplace-Management-System\Online Marketplace Management System\Customer.cpp(430,9): warning C4101: 'index': unreferenced local variable
C:\Users\Haitham Mahmoud\Documents\GitHub\Online-Marketplace-Management-System\Online Marketplace Management System\Customer.cpp(503,20): warning C4018: '<': signed/unsigned mismatch
C:\Users\Haitham Mahmoud\Documents\GitHub\Online-Marketplace-Management-System\Online Marketplace Management System\Customer.cpp(524,21): warning C4018: '<': signed/unsigned mismatch
C:\Users\Haitham Mahmoud\Documents\GitHub\Online-Marketplace-Management-System\Online Marketplace Management System\Customer.cpp(560,20): warning C4018: '<': signed/unsigned mismatch
C:\Users\Haitham Mahmoud\Documents\GitHub\Online-Marketplace-Management-System\Online Marketplace Management System\Customer.cpp(564,21): warning C4018: '<': signed/unsigned mismatch
C:\Users\Haitham Mahmoud\Documents\GitHub\Online-Marketplace-Management-System\Online Marketplace Management System\Customer.cpp(579,20): warning C4018: '<': signed/unsigned mismatch
C:\Users\Haitham Mahmoud\Documents\GitHub\Online-Marketplace-Management-System\Online Marketplace Management System\Customer.cpp(588,34): warning C4244: '-=': conversion from 'double' to 'float', possible loss of data
C:\Users\Haitham Mahmoud\Documents\GitHub\Online-Marketplace-Management-System\Online Marketplace Management System\Customer.cpp(602,20): warning C4018: '<': signed/unsigned mismatch
C:\Users\Haitham Mahmoud\Documents\GitHub\Online-Marketplace-Management-System\Online Marketplace Management System\Customer.cpp(603,21): warning C4018: '<': signed/unsigned mismatch
  Generating Code...
  Online Marketplace Management System.vcxproj -> C:\Users\Haitham Mahmoud\Documents\GitHub\Online-Marketplace-Management-System\Debug\Online Marketplace Management System.exe
